

times in msec
 clock   self+sourced   self:  sourced script
 clock   elapsed:              other lines

000.007  000.007: --- VIM STARTING ---
000.092  000.085: Allocated generic buffers
001.533  001.441: locale set
001.564  000.031: GUI prepared
001.568  000.004: clipboard setup
001.578  000.010: window checked
002.174  000.596: inits 1
002.549  000.375: parsing arguments
010.594  008.045: expanding arguments
015.589  004.995: shell init
017.023  001.434: Termcap init
017.074  000.051: inits 2
021.793  004.719: init highlight
022.317  000.194  000.194: sourcing $VIM/vimrc
024.330  000.216  000.216: sourcing /usr/local/Cellar/macvim/7.4-76/MacVim.app/Contents/Resources/vim/runtime/ftoff.vim
026.416  000.299  000.299: sourcing /Users/alex/.vim/bundle/Vundle.vim/autoload/vundle.vim
027.646  000.544  000.544: sourcing /Users/alex/.vim/bundle/Vundle.vim/autoload/vundle/config.vim
078.967  000.131  000.131: sourcing /Users/alex/.vim/bundle/neosnippet/ftdetect/neosnippet.vim
079.672  000.102  000.102: sourcing /Users/alex/.vim/bundle/ultisnips/ftdetect/snippets.vim
080.052  000.121  000.121: sourcing /Users/alex/.vim/bundle/ultisnips/ftdetect/UltiSnips.vim
081.909  001.266  001.266: sourcing /Users/alex/.vim/bundle/vim-ruby/ftdetect/ruby.vim
082.801  000.223  000.223: sourcing /Users/alex/.vim/bundle/vim-haml/ftdetect/haml.vim
083.706  000.235  000.235: sourcing /Users/alex/.vim/bundle/vim-javascript/ftdetect/javascript.vim
084.554  000.295  000.295: sourcing /Users/alex/.vim/bundle/vim-coffee-script/ftdetect/coffee.vim
085.332  000.148  000.148: sourcing /Users/alex/.vim/bundle/vim-json/ftdetect/json.vim
086.246  000.301  000.301: sourcing /Users/alex/.vim/bundle/vim-mustache-handlebars/ftdetect/mustache.vim
087.055  000.221  000.221: sourcing /Users/alex/.vim/bundle/vim-clojure-static/ftdetect/clojure.vim
087.957  000.119  000.119: sourcing /Users/alex/.vim/bundle/scss-syntax.vim/ftdetect/scss.vim
089.027  000.093  000.093: sourcing /Users/alex/.vim/bundle/vim-slim/ftdetect/slim.vim
089.728  000.097  000.097: sourcing /Users/alex/.vim/bundle/Markdown/ftdetect/markdown.vim
090.751  040.039  036.687: sourcing /usr/local/Cellar/macvim/7.4-76/MacVim.app/Contents/Resources/vim/runtime/filetype.vim
091.985  000.096  000.096: sourcing /usr/local/Cellar/macvim/7.4-76/MacVim.app/Contents/Resources/vim/runtime/ftplugin.vim
093.126  000.082  000.082: sourcing /usr/local/Cellar/macvim/7.4-76/MacVim.app/Contents/Resources/vim/runtime/indent.vim
094.309  000.022  000.022: sourcing /usr/local/Cellar/macvim/7.4-76/MacVim.app/Contents/Resources/vim/runtime/filetype.vim
095.077  000.014  000.014: sourcing /usr/local/Cellar/macvim/7.4-76/MacVim.app/Contents/Resources/vim/runtime/ftplugin.vim
095.828  000.013  000.013: sourcing /usr/local/Cellar/macvim/7.4-76/MacVim.app/Contents/Resources/vim/runtime/indent.vim
147.847  000.416  000.416: sourcing /usr/local/Cellar/macvim/7.4-76/MacVim.app/Contents/Resources/vim/runtime/syntax/syncolor.vim
148.689  002.054  001.638: sourcing /usr/local/Cellar/macvim/7.4-76/MacVim.app/Contents/Resources/vim/runtime/syntax/synload.vim
148.740  002.970  000.916: sourcing /usr/local/Cellar/macvim/7.4-76/MacVim.app/Contents/Resources/vim/runtime/syntax/syntax.vim
150.077  000.364  000.364: sourcing /usr/local/Cellar/macvim/7.4-76/MacVim.app/Contents/Resources/vim/runtime/syntax/syncolor.vim
173.296  000.337  000.337: sourcing /usr/local/Cellar/macvim/7.4-76/MacVim.app/Contents/Resources/vim/runtime/syntax/syncolor.vim
175.543  000.303  000.303: sourcing /usr/local/Cellar/macvim/7.4-76/MacVim.app/Contents/Resources/vim/runtime/syntax/syncolor.vim
184.989  033.778  033.138: sourcing /Users/alex/.vim/bundle/base16-vim/colors/base16-twilight.vim
186.647  163.775  086.338: sourcing $HOME/.vimrc
186.662  000.900: sourcing vimrc file(s)
188.084  000.164  000.164: sourcing /Users/alex/.vim/plugin/BufOnly.vim
259.863  070.028  070.028: sourcing /Users/alex/.vim/bundle/editorconfig-vim/plugin/editorconfig.vim
261.096  000.069  000.069: sourcing /Users/alex/.vim/bundle/vim-misc/autoload/xolox/misc.vim
264.907  000.613  000.613: sourcing /Users/alex/.vim/bundle/vim-misc/autoload/xolox/misc/os.vim
265.806  001.899  001.286: sourcing /Users/alex/.vim/bundle/vim-misc/autoload/xolox/misc/path.vim
266.638  004.982  003.083: sourcing /Users/alex/.vim/bundle/vim-notes/autoload/xolox/notes.vim
268.444  007.772  002.721: sourcing /Users/alex/.vim/bundle/vim-notes/plugin/notes.vim
269.346  000.092  000.092: sourcing /Users/alex/.vim/bundle/vim-misc/plugin/xolox/misc.vim
271.250  001.296  001.296: sourcing /Users/alex/.vim/bundle/vitality.vim/plugin/vitality.vim
272.339  000.153  000.153: sourcing /Users/alex/.vim/bundle/ag.vim/plugin/ag.vim
274.040  000.445  000.445: sourcing /Users/alex/.vim/bundle/ctrlp.vim/autoload/ctrlp/mrufiles.vim
274.541  001.493  001.048: sourcing /Users/alex/.vim/bundle/ctrlp.vim/plugin/ctrlp.vim
276.505  000.508  000.508: sourcing /Users/alex/.vim/bundle/nerdtree/autoload/nerdtree.vim
279.296  001.115  001.115: sourcing /Users/alex/.vim/bundle/nerdtree/lib/nerdtree/path.vim
280.231  000.562  000.562: sourcing /Users/alex/.vim/bundle/nerdtree/lib/nerdtree/menu_controller.vim
280.818  000.168  000.168: sourcing /Users/alex/.vim/bundle/nerdtree/lib/nerdtree/menu_item.vim
281.642  000.491  000.491: sourcing /Users/alex/.vim/bundle/nerdtree/lib/nerdtree/key_map.vim
282.578  000.632  000.632: sourcing /Users/alex/.vim/bundle/nerdtree/lib/nerdtree/bookmark.vim
283.655  000.751  000.751: sourcing /Users/alex/.vim/bundle/nerdtree/lib/nerdtree/tree_file_node.vim
284.874  000.896  000.896: sourcing /Users/alex/.vim/bundle/nerdtree/lib/nerdtree/tree_dir_node.vim
285.807  000.638  000.638: sourcing /Users/alex/.vim/bundle/nerdtree/lib/nerdtree/opener.vim
286.634  000.531  000.531: sourcing /Users/alex/.vim/bundle/nerdtree/lib/nerdtree/creator.vim
287.098  000.132  000.132: sourcing /Users/alex/.vim/bundle/nerdtree/lib/nerdtree/flag_set.vim
287.613  000.220  000.220: sourcing /Users/alex/.vim/bundle/nerdtree/lib/nerdtree/nerdtree.vim
288.720  000.801  000.801: sourcing /Users/alex/.vim/bundle/nerdtree/lib/nerdtree/ui.vim
289.160  000.085  000.085: sourcing /Users/alex/.vim/bundle/nerdtree/lib/nerdtree/event.vim
289.629  000.131  000.131: sourcing /Users/alex/.vim/bundle/nerdtree/lib/nerdtree/notifier.vim
291.069  001.092  001.092: sourcing /Users/alex/.vim/bundle/nerdtree/autoload/nerdtree/ui_glue.vim
314.397  000.183  000.183: sourcing /Users/alex/.vim/bundle/nerdtree/nerdtree_plugin/exec_menuitem.vim
315.769  001.046  001.046: sourcing /Users/alex/.vim/bundle/nerdtree/nerdtree_plugin/fs_menu.vim
317.817  001.432  001.432: sourcing /Users/alex/.vim/bundle/vim-nerdtree-tabs/nerdtree_plugin/vim-nerdtree-tabs.vim
319.954  044.805  033.391: sourcing /Users/alex/.vim/bundle/nerdtree/plugin/NERD_tree.vim
321.289  000.603  000.603: sourcing /Users/alex/.vim/bundle/vim-easy-align/plugin/easy_align.vim
321.975  000.058  000.058: sourcing /Users/alex/.vim/bundle/tmuxline.vim/plugin/tmuxline.vim
323.669  000.557  000.557: sourcing /Users/alex/.vim/bundle/vim-airline/autoload/airline.vim
324.799  000.423  000.423: sourcing /Users/alex/.vim/bundle/vim-airline/autoload/airline/init.vim
325.818  000.203  000.203: sourcing /Users/alex/.vim/bundle/vim-airline/autoload/airline/parts.vim
326.517  003.913  002.730: sourcing /Users/alex/.vim/bundle/vim-airline/plugin/airline.vim
328.562  000.983  000.983: sourcing /Users/alex/.vim/bundle/vim-better-whitespace/plugin/better-whitespace.vim
332.624  003.434  003.434: sourcing /Users/alex/.vim/bundle/vim-bundler/plugin/bundler.vim
333.690  000.412  000.412: sourcing /Users/alex/.vim/bundle/vim-commentary/plugin/commentary.vim
338.542  004.228  004.228: sourcing /Users/alex/.vim/bundle/vim-unimpaired/plugin/unimpaired.vim
349.991  010.519  010.519: sourcing /Users/alex/.vim/bundle/vim-fugitive/plugin/fugitive.vim
352.221  001.485  001.485: sourcing /Users/alex/.vim/bundle/vim-surround/plugin/surround.vim
353.007  000.210  000.210: sourcing /Users/alex/.vim/bundle/vim-jdaddy/plugin/jdaddy.vim
354.921  001.315  001.315: sourcing /Users/alex/.vim/bundle/matchit.zip/plugin/matchit.vim
355.870  000.153  000.153: sourcing /Users/alex/.vim/bundle/MatchTagAlways/plugin/MatchTagAlways.vim
358.141  001.634  001.634: sourcing /Users/alex/.vim/bundle/tagbar/plugin/tagbar.vim
360.320  000.464  000.464: sourcing /Users/alex/.vim/bundle/vim-gitgutter/autoload/gitgutter/highlight.vim
361.781  002.926  002.462: sourcing /Users/alex/.vim/bundle/vim-gitgutter/plugin/gitgutter.vim
363.544  000.613  000.613: sourcing /Users/alex/.vim/bundle/vim-indent-guides/autoload/indent_guides.vim
364.050  001.643  001.030: sourcing /Users/alex/.vim/bundle/vim-indent-guides/plugin/indent_guides.vim
365.447  000.527  000.527: sourcing /Users/alex/.vim/bundle/vim-multiple-cursors/plugin/multiple_cursors.vim
367.557  000.736  000.736: sourcing /Users/alex/.vim/bundle/vim-expand-region/autoload/expand_region.vim
367.734  001.439  000.703: sourcing /Users/alex/.vim/bundle/vim-expand-region/plugin/expand_region.vim
369.281  000.950  000.950: sourcing /Users/alex/.vim/bundle/auto-pairs/plugin/auto-pairs.vim
370.006  000.133  000.133: sourcing /Users/alex/.vim/bundle/tabline.vim/plugin/tabline.vim
370.699  000.103  000.103: sourcing /Users/alex/.vim/bundle/funcoo.vim/plugin/funcoo.vim
387.147  000.203  000.203: sourcing /Users/alex/.vim/bundle/dash.vim/autoload/dash/defaults.vim
387.720  001.466  001.263: sourcing /Users/alex/.vim/bundle/dash.vim/autoload/dash.vim
388.541  017.247  015.781: sourcing /Users/alex/.vim/bundle/dash.vim/plugin/dash.vim
389.483  000.131  000.131: sourcing /Users/alex/.vim/bundle/gundo.vim/plugin/gundo.vim
391.104  000.988  000.988: sourcing /Users/alex/.vim/bundle/vim-exchange/plugin/exchange.vim
391.841  000.112  000.112: sourcing /Users/alex/.vim/bundle/vim-qargs/plugin/qargs.vim
392.635  000.178  000.178: sourcing /Users/alex/.vim/bundle/vim-visual-star-search/plugin/visual-star-search.vim
394.669  001.446  001.446: sourcing /Users/alex/.vim/bundle/vim-abolish/plugin/abolish.vim
395.758  000.262  000.262: sourcing /Users/alex/.vim/bundle/neocomplcache.vim/plugin/neocomplcache/buffer_complete.vim
396.245  000.138  000.138: sourcing /Users/alex/.vim/bundle/neocomplcache.vim/plugin/neocomplcache/dictionary_complete.vim
396.655  000.145  000.145: sourcing /Users/alex/.vim/bundle/neocomplcache.vim/plugin/neocomplcache/include_complete.vim
397.087  000.144  000.144: sourcing /Users/alex/.vim/bundle/neocomplcache.vim/plugin/neocomplcache/syntax_complete.vim
397.485  000.132  000.132: sourcing /Users/alex/.vim/bundle/neocomplcache.vim/plugin/neocomplcache/tags_complete.vim
398.770  001.047  001.047: sourcing /Users/alex/.vim/bundle/neocomplcache.vim/plugin/neocomplcache.vim
399.898  000.465  000.465: sourcing /Users/alex/.vim/bundle/neosnippet/plugin/neosnippet.vim
400.952  000.093  000.093: sourcing /Users/alex/.vim/bundle/ultisnips/plugin/snipMate_compatibility.vim
403.053  000.226  000.226: sourcing /Users/alex/.vim/bundle/ultisnips/autoload/UltiSnips/bootstrap.vim
486.473  084.265  084.039: sourcing /Users/alex/.vim/bundle/ultisnips/autoload/UltiSnips/map_keys.vim
486.696  085.486  001.221: sourcing /Users/alex/.vim/bundle/ultisnips/plugin/UltiSnips.vim
497.952  010.789  010.789: sourcing /Users/alex/.vim/bundle/vim-easymotion/plugin/EasyMotion.vim
503.112  004.616  004.616: sourcing /Users/alex/.vim/bundle/vim-rails/plugin/rails.vim
507.789  004.242  004.242: sourcing /Users/alex/.vim/bundle/vim-rspec/plugin/rspec.vim
508.668  000.196  000.196: sourcing /Users/alex/.vim/bundle/vim-vroom/plugin/vroom.vim
511.959  002.945  002.945: sourcing /Users/alex/.vim/bundle/vim-rake/plugin/rake.vim
513.535  000.555  000.555: sourcing /Users/alex/.vim/bundle/vim-ruby-xmpfilter/plugin/xmpfilter.vim
514.218  000.256  000.256: sourcing /Users/alex/.vim/bundle/vim-dispatch/plugin/dispatch.vim
514.855  000.250  000.250: sourcing /Users/alex/.vim/bundle/vim-ruby-fold/plugin/ruby_fold.vim
515.685  000.403  000.403: sourcing /Users/alex/.vim/bundle/vim-blockle/plugin/blockle.vim
516.340  000.090  000.090: sourcing /Users/alex/.vim/bundle/vim-fireplace/plugin/fireplace/zip.vim
522.448  005.870  005.870: sourcing /Users/alex/.vim/bundle/vim-fireplace/plugin/fireplace.vim
523.222  000.193  000.193: sourcing /Users/alex/.vim/bundle/vim-classpath/plugin/classpath.vim
536.190  012.541  012.541: sourcing /Users/alex/.vim/bundle/vim-sexp/plugin/sexp.vim
537.272  000.287  000.287: sourcing /Users/alex/.vim/bundle/cljfold.vim/plugin/cljfold.vim
538.597  000.184  000.184: sourcing /usr/local/Cellar/macvim/7.4-76/MacVim.app/Contents/Resources/vim/runtime/plugin/getscriptPlugin.vim
539.322  000.378  000.378: sourcing /usr/local/Cellar/macvim/7.4-76/MacVim.app/Contents/Resources/vim/runtime/plugin/gzip.vim
540.075  000.497  000.497: sourcing /usr/local/Cellar/macvim/7.4-76/MacVim.app/Contents/Resources/vim/runtime/plugin/matchparen.vim
541.362  001.107  001.107: sourcing /usr/local/Cellar/macvim/7.4-76/MacVim.app/Contents/Resources/vim/runtime/plugin/netrwPlugin.vim
541.922  000.150  000.150: sourcing /usr/local/Cellar/macvim/7.4-76/MacVim.app/Contents/Resources/vim/runtime/plugin/rrhelper.vim
542.375  000.115  000.115: sourcing /usr/local/Cellar/macvim/7.4-76/MacVim.app/Contents/Resources/vim/runtime/plugin/spellfile.vim
543.023  000.311  000.311: sourcing /usr/local/Cellar/macvim/7.4-76/MacVim.app/Contents/Resources/vim/runtime/plugin/tarPlugin.vim
543.534  000.313  000.313: sourcing /usr/local/Cellar/macvim/7.4-76/MacVim.app/Contents/Resources/vim/runtime/plugin/tohtml.vim
543.933  000.258  000.258: sourcing /usr/local/Cellar/macvim/7.4-76/MacVim.app/Contents/Resources/vim/runtime/plugin/vimballPlugin.vim
544.512  000.365  000.365: sourcing /usr/local/Cellar/macvim/7.4-76/MacVim.app/Contents/Resources/vim/runtime/plugin/zipPlugin.vim
545.582  000.121  000.121: sourcing /Users/alex/.vim/after/plugin/surround_change_element.vim
547.062  000.301  000.301: sourcing /Users/alex/.vim/bundle/ultisnips/after/plugin/UltiSnips_after.vim
547.540  043.060: loading plugins
547.555  000.015: inits 3
550.780  003.225: reading viminfo
550.804  000.024: setting raw mode
550.824  000.020: start termcap
550.939  000.115: clearing screen
3817.818  001.921  001.921: sourcing /usr/local/Cellar/macvim/7.4-76/MacVim.app/Contents/Resources/vim/runtime/scripts.vim
3820.745  000.890  000.890: sourcing /Users/alex/.vim/bundle/ultisnips/autoload/UltiSnips.vim
3826.342  000.611  000.611: sourcing /usr/local/Cellar/macvim/7.4-76/MacVim.app/Contents/Resources/vim/runtime/ftplugin/vim.vim
3832.257  000.230  000.230: sourcing /usr/local/Cellar/macvim/7.4-76/MacVim.app/Contents/Resources/vim/runtime/indent/vim.vim
3845.156  001.109  001.109: sourcing /usr/local/Cellar/macvim/7.4-76/MacVim.app/Contents/Resources/vim/runtime/syntax/pod.vim
3850.150  006.980  005.871: sourcing /usr/local/Cellar/macvim/7.4-76/MacVim.app/Contents/Resources/vim/runtime/syntax/perl.vim
3854.468  003.781  003.781: sourcing /usr/local/Cellar/macvim/7.4-76/MacVim.app/Contents/Resources/vim/runtime/syntax/ruby.vim
3856.702  001.349  001.349: sourcing /usr/local/Cellar/macvim/7.4-76/MacVim.app/Contents/Resources/vim/runtime/syntax/python.vim
3859.703  002.135  002.135: sourcing /usr/local/Cellar/macvim/7.4-76/MacVim.app/Contents/Resources/vim/runtime/syntax/tcl.vim
3861.164  026.608  012.363: sourcing /usr/local/Cellar/macvim/7.4-76/MacVim.app/Contents/Resources/vim/runtime/syntax/vim.vim
3863.980  000.692  000.692: sourcing /Users/alex/.vim/bundle/vim-airline/autoload/airline/extensions.vim
3864.566  000.159  000.159: sourcing /Users/alex/.vim/bundle/vim-airline/autoload/airline/extensions/quickfix.vim
3865.404  000.161  000.161: sourcing /Users/alex/.vim/bundle/vim-airline/autoload/airline/extensions/netrw.vim
3866.040  000.213  000.213: sourcing /Users/alex/.vim/bundle/vim-airline/autoload/airline/extensions/ctrlp.vim
3866.738  000.227  000.227: sourcing /Users/alex/.vim/bundle/vim-airline/autoload/airline/extensions/hunks.vim
3867.370  000.191  000.191: sourcing /Users/alex/.vim/bundle/vim-airline/autoload/airline/extensions/tagbar.vim
3868.136  000.291  000.291: sourcing /Users/alex/.vim/bundle/vim-airline/autoload/airline/extensions/branch.vim
3868.971  000.269  000.269: sourcing /Users/alex/.vim/bundle/vim-airline/autoload/airline/extensions/whitespace.vim
3869.750  000.156  000.156: sourcing /Users/alex/.vim/bundle/vim-airline/autoload/airline/extensions/tmuxline.vim
3874.274  000.208  000.208: sourcing /Users/alex/.vim/bundle/vim-airline/autoload/airline/section.vim
3875.286  000.551  000.551: sourcing /Users/alex/.vim/bundle/vim-airline/autoload/airline/highlighter.vim
3880.558  000.193  000.193: sourcing /Users/alex/.vim/bundle/vim-airline/autoload/airline/themes.vim
3882.541  003.101  002.908: sourcing /Users/alex/.vim/bundle/vim-airline/autoload/airline/themes/base16.vim
3889.014  000.195  000.195: sourcing /Users/alex/.vim/bundle/vim-airline/autoload/airline/util.vim
3890.069  000.125  000.125: sourcing /Users/alex/.vim/bundle/tmuxline.vim/autoload/tmuxline/api.vim
3891.120  000.606  000.606: sourcing /Users/alex/.vim/bundle/tmuxline.vim/autoload/tmuxline/util.vim
3892.179  000.596  000.596: sourcing /Users/alex/.vim/bundle/tmuxline.vim/autoload/tmuxline.vim
3892.741  000.157  000.157: sourcing /Users/alex/.vim/bundle/tmuxline.vim/autoload/tmuxline/presets/powerline.vim
3893.648  000.235  000.235: sourcing /Users/alex/.vim/bundle/tmuxline.vim/autoload/tmuxline/builder.vim
3911.250  000.386  000.386: sourcing /Users/alex/.vim/bundle/vim-airline/autoload/airline/builder.vim
3912.234  000.229  000.229: sourcing /Users/alex/.vim/bundle/vim-airline/autoload/airline/extensions/default.vim
3944.220  009.191  009.191: sourcing /Users/alex/.vim/bundle/MatchTagAlways/autoload/MatchTagAlways.vim
3948.864  000.188  000.188: sourcing /Users/alex/.vim/bundle/editorconfig-vim/autoload/editorconfig.vim
3959.851  3360.525: opening buffers
3961.494  000.963  000.963: sourcing /Users/alex/.vim/bundle/ctrlp.vim/autoload/ctrlp/utils.vim
3969.513  000.836  000.836: sourcing /Users/alex/.vim/bundle/vim-gitgutter/autoload/gitgutter.vim
3970.821  000.690  000.690: sourcing /Users/alex/.vim/bundle/vim-gitgutter/autoload/gitgutter/utility.vim
3998.415  026.858  026.858: sourcing /Users/alex/.vim/bundle/vim-gitgutter/autoload/gitgutter/diff.vim
4060.828  000.912  000.912: sourcing /Users/alex/.vim/bundle/vim-gitgutter/autoload/gitgutter/hunk.vim
4062.889  001.168  001.168: sourcing /Users/alex/.vim/bundle/vim-gitgutter/autoload/gitgutter/sign.vim
4065.846  075.568: BufEnter autocommands
4065.863  000.017: editing files in windows
4076.340  000.152  000.152: sourcing /Users/alex/.vim/bundle/vim-airline/autoload/airline/deprecation.vim
4077.077  011.062: VimEnter autocommands
4077.088  000.011: before starting main loop
4205.263  128.175: first screen update
4205.269  000.006: --- VIM STARTED ---
