1761591957.484709 client started (37739): version 3.5a, socket /private/tmp/tmux-501/default, protocol 8
1761591957.484742 on Darwin 24.6.0 Darwin Kernel Version 24.6.0: Mon Jul 14 11:30:29 PDT 2025; root:xnu-11417.140.69~1/RELEASE_ARM64_T6000
1761591957.484752 using libevent 2.1.12-stable select
1761591957.485551 using utf8proc 2.10.0
1761591957.485580 using ncurses 6.5 20240427
1761591957.485607 flags are 0x10010000
1761591957.485617 socket is /private/tmp/tmux-501/default
1761591957.485628 trying connect
1761591957.485671 add peer 0x150008000: 6 (0x0)
1761591957.488613 sending message 111 to peer 0x150008000 (8 bytes)
1761591957.488636 sending message 111 to peer 0x150008000 (8 bytes)
1761591957.488643 sending message 101 to peer 0x150008000 (15 bytes)
1761591957.488648 sending message 109 to peer 0x150008000 (4 bytes)
1761591957.488653 sending message 102 to peer 0x150008000 (13 bytes)
1761591957.488658 sending message 108 to peer 0x150008000 (24 bytes)
1761591957.488663 sending message 112 to peer 0x150008000 (58 bytes)
1761591957.488670 sending message 112 to peer 0x150008000 (5 bytes)
1761591957.488675 sending message 112 to peer 0x150008000 (5 bytes)
1761591957.488680 sending message 112 to peer 0x150008000 (6 bytes)
1761591957.488684 sending message 112 to peer 0x150008000 (6 bytes)
1761591957.488689 sending message 112 to peer 0x150008000 (11 bytes)
1761591957.488693 sending message 112 to peer 0x150008000 (10 bytes)
1761591957.488698 sending message 112 to peer 0x150008000 (13 bytes)
1761591957.488703 sending message 112 to peer 0x150008000 (14 bytes)
1761591957.488707 sending message 112 to peer 0x150008000 (19 bytes)
1761591957.488712 sending message 112 to peer 0x150008000 (11 bytes)
1761591957.488716 sending message 112 to peer 0x150008000 (10 bytes)
1761591957.488721 sending message 112 to peer 0x150008000 (15 bytes)
1761591957.488725 sending message 112 to peer 0x150008000 (21 bytes)
1761591957.488730 sending message 112 to peer 0x150008000 (13 bytes)
1761591957.488734 sending message 112 to peer 0x150008000 (7 bytes)
1761591957.488739 sending message 112 to peer 0x150008000 (13 bytes)
1761591957.488743 sending message 112 to peer 0x150008000 (7 bytes)
1761591957.488748 sending message 112 to peer 0x150008000 (13 bytes)
1761591957.488753 sending message 112 to peer 0x150008000 (9 bytes)
1761591957.488757 sending message 112 to peer 0x150008000 (21 bytes)
1761591957.488762 sending message 112 to peer 0x150008000 (13 bytes)
1761591957.488768 sending message 112 to peer 0x150008000 (9 bytes)
1761591957.488772 sending message 112 to peer 0x150008000 (16 bytes)
1761591957.488777 sending message 112 to peer 0x150008000 (13 bytes)
1761591957.488781 sending message 112 to peer 0x150008000 (9 bytes)
1761591957.488786 sending message 112 to peer 0x150008000 (9 bytes)
1761591957.488790 sending message 112 to peer 0x150008000 (12 bytes)
1761591957.488794 sending message 112 to peer 0x150008000 (8 bytes)
1761591957.488799 sending message 112 to peer 0x150008000 (8 bytes)
1761591957.488803 sending message 112 to peer 0x150008000 (13 bytes)
1761591957.488808 sending message 112 to peer 0x150008000 (7 bytes)
1761591957.488812 sending message 112 to peer 0x150008000 (7 bytes)
1761591957.488817 sending message 112 to peer 0x150008000 (9 bytes)
1761591957.488821 sending message 112 to peer 0x150008000 (9 bytes)
1761591957.488825 sending message 112 to peer 0x150008000 (15 bytes)
1761591957.488830 sending message 112 to peer 0x150008000 (13 bytes)
1761591957.488834 sending message 112 to peer 0x150008000 (12 bytes)
1761591957.488839 sending message 112 to peer 0x150008000 (8 bytes)
1761591957.488843 sending message 112 to peer 0x150008000 (14 bytes)
1761591957.488848 sending message 112 to peer 0x150008000 (11 bytes)
1761591957.488852 sending message 112 to peer 0x150008000 (9 bytes)
1761591957.488856 sending message 112 to peer 0x150008000 (10 bytes)
1761591957.488861 sending message 112 to peer 0x150008000 (10 bytes)
1761591957.488865 sending message 112 to peer 0x150008000 (10 bytes)
1761591957.488870 sending message 112 to peer 0x150008000 (10 bytes)
1761591957.488885 sending message 112 to peer 0x150008000 (11 bytes)
1761591957.488888 sending message 112 to peer 0x150008000 (12 bytes)
1761591957.488891 sending message 112 to peer 0x150008000 (12 bytes)
1761591957.488894 sending message 112 to peer 0x150008000 (12 bytes)
1761591957.488898 sending message 112 to peer 0x150008000 (12 bytes)
1761591957.488901 sending message 112 to peer 0x150008000 (12 bytes)
1761591957.488904 sending message 112 to peer 0x150008000 (11 bytes)
1761591957.488907 sending message 112 to peer 0x150008000 (11 bytes)
1761591957.488910 sending message 112 to peer 0x150008000 (12 bytes)
1761591957.488913 sending message 112 to peer 0x150008000 (12 bytes)
1761591957.488917 sending message 112 to peer 0x150008000 (12 bytes)
1761591957.488920 sending message 112 to peer 0x150008000 (12 bytes)
1761591957.488923 sending message 112 to peer 0x150008000 (12 bytes)
1761591957.488926 sending message 112 to peer 0x150008000 (9 bytes)
1761591957.488930 sending message 112 to peer 0x150008000 (12 bytes)
1761591957.488933 sending message 112 to peer 0x150008000 (13 bytes)
1761591957.488936 sending message 112 to peer 0x150008000 (13 bytes)
1761591957.488939 sending message 112 to peer 0x150008000 (13 bytes)
1761591957.488942 sending message 112 to peer 0x150008000 (13 bytes)
1761591957.488945 sending message 112 to peer 0x150008000 (13 bytes)
1761591957.488948 sending message 112 to peer 0x150008000 (8 bytes)
1761591957.488951 sending message 112 to peer 0x150008000 (11 bytes)
1761591957.488954 sending message 112 to peer 0x150008000 (11 bytes)
1761591957.488957 sending message 112 to peer 0x150008000 (11 bytes)
1761591957.488960 sending message 112 to peer 0x150008000 (12 bytes)
1761591957.488963 sending message 112 to peer 0x150008000 (12 bytes)
1761591957.488966 sending message 112 to peer 0x150008000 (12 bytes)
1761591957.488969 sending message 112 to peer 0x150008000 (12 bytes)
1761591957.488972 sending message 112 to peer 0x150008000 (13 bytes)
1761591957.488975 sending message 112 to peer 0x150008000 (13 bytes)
1761591957.488978 sending message 112 to peer 0x150008000 (13 bytes)
1761591957.488981 sending message 112 to peer 0x150008000 (8 bytes)
1761591957.488984 sending message 112 to peer 0x150008000 (13 bytes)
1761591957.488987 sending message 112 to peer 0x150008000 (13 bytes)
1761591957.488990 sending message 112 to peer 0x150008000 (13 bytes)
1761591957.488993 sending message 112 to peer 0x150008000 (13 bytes)
1761591957.488996 sending message 112 to peer 0x150008000 (13 bytes)
1761591957.489000 sending message 112 to peer 0x150008000 (12 bytes)
1761591957.489003 sending message 112 to peer 0x150008000 (12 bytes)
1761591957.489006 sending message 112 to peer 0x150008000 (12 bytes)
1761591957.489009 sending message 112 to peer 0x150008000 (12 bytes)
1761591957.489012 sending message 112 to peer 0x150008000 (13 bytes)
1761591957.489015 sending message 112 to peer 0x150008000 (8 bytes)
1761591957.489018 sending message 112 to peer 0x150008000 (13 bytes)
1761591957.489021 sending message 112 to peer 0x150008000 (13 bytes)
1761591957.489024 sending message 112 to peer 0x150008000 (13 bytes)
1761591957.489028 sending message 112 to peer 0x150008000 (13 bytes)
1761591957.489031 sending message 112 to peer 0x150008000 (13 bytes)
1761591957.489033 sending message 112 to peer 0x150008000 (13 bytes)
1761591957.489036 sending message 112 to peer 0x150008000 (13 bytes)
1761591957.489040 sending message 112 to peer 0x150008000 (12 bytes)
1761591957.489043 sending message 112 to peer 0x150008000 (12 bytes)
1761591957.489046 sending message 112 to peer 0x150008000 (12 bytes)
1761591957.489049 sending message 112 to peer 0x150008000 (8 bytes)
1761591957.489052 sending message 112 to peer 0x150008000 (12 bytes)
1761591957.489055 sending message 112 to peer 0x150008000 (13 bytes)
1761591957.489058 sending message 112 to peer 0x150008000 (13 bytes)
1761591957.489061 sending message 112 to peer 0x150008000 (13 bytes)
1761591957.489064 sending message 112 to peer 0x150008000 (13 bytes)
1761591957.489073 sending message 112 to peer 0x150008000 (13 bytes)
1761591957.489076 sending message 112 to peer 0x150008000 (13 bytes)
1761591957.489079 sending message 112 to peer 0x150008000 (13 bytes)
1761591957.489082 sending message 112 to peer 0x150008000 (13 bytes)
1761591957.489085 sending message 112 to peer 0x150008000 (12 bytes)
1761591957.489088 sending message 112 to peer 0x150008000 (10 bytes)
1761591957.489091 sending message 112 to peer 0x150008000 (12 bytes)
1761591957.489095 sending message 112 to peer 0x150008000 (12 bytes)
1761591957.489098 sending message 112 to peer 0x150008000 (12 bytes)
1761591957.489101 sending message 112 to peer 0x150008000 (13 bytes)
1761591957.489104 sending message 112 to peer 0x150008000 (13 bytes)
1761591957.489107 sending message 112 to peer 0x150008000 (13 bytes)
1761591957.489110 sending message 112 to peer 0x150008000 (13 bytes)
1761591957.489113 sending message 112 to peer 0x150008000 (13 bytes)
1761591957.489116 sending message 112 to peer 0x150008000 (13 bytes)
1761591957.489119 sending message 112 to peer 0x150008000 (13 bytes)
1761591957.489122 sending message 112 to peer 0x150008000 (10 bytes)
1761591957.489125 sending message 112 to peer 0x150008000 (13 bytes)
1761591957.489128 sending message 112 to peer 0x150008000 (12 bytes)
1761591957.489131 sending message 112 to peer 0x150008000 (12 bytes)
1761591957.489134 sending message 112 to peer 0x150008000 (12 bytes)
1761591957.489137 sending message 112 to peer 0x150008000 (10 bytes)
1761591957.489140 sending message 112 to peer 0x150008000 (10 bytes)
1761591957.489143 sending message 112 to peer 0x150008000 (10 bytes)
1761591957.489146 sending message 112 to peer 0x150008000 (12 bytes)
1761591957.489149 sending message 112 to peer 0x150008000 (13 bytes)
1761591957.489152 sending message 112 to peer 0x150008000 (13 bytes)
1761591957.489156 sending message 112 to peer 0x150008000 (13 bytes)
1761591957.489159 sending message 112 to peer 0x150008000 (13 bytes)
1761591957.489162 sending message 112 to peer 0x150008000 (13 bytes)
1761591957.489165 sending message 112 to peer 0x150008000 (10 bytes)
1761591957.489168 sending message 112 to peer 0x150008000 (11 bytes)
1761591957.489171 sending message 112 to peer 0x150008000 (12 bytes)
1761591957.489174 sending message 112 to peer 0x150008000 (12 bytes)
1761591957.489178 sending message 112 to peer 0x150008000 (12 bytes)
1761591957.489181 sending message 112 to peer 0x150008000 (12 bytes)
1761591957.489184 sending message 112 to peer 0x150008000 (12 bytes)
1761591957.489187 sending message 112 to peer 0x150008000 (11 bytes)
1761591957.489190 sending message 112 to peer 0x150008000 (12 bytes)
1761591957.489193 sending message 112 to peer 0x150008000 (12 bytes)
1761591957.489196 sending message 112 to peer 0x150008000 (13 bytes)
1761591957.489200 sending message 112 to peer 0x150008000 (13 bytes)
1761591957.489203 sending message 112 to peer 0x150008000 (13 bytes)
1761591957.489206 sending message 112 to peer 0x150008000 (13 bytes)
1761591957.489209 sending message 112 to peer 0x150008000 (13 bytes)
1761591957.489212 sending message 112 to peer 0x150008000 (10 bytes)
1761591957.489215 sending message 112 to peer 0x150008000 (9 bytes)
1761591957.489218 sending message 112 to peer 0x150008000 (12 bytes)
1761591957.489221 sending message 112 to peer 0x150008000 (13 bytes)
1761591957.489224 sending message 112 to peer 0x150008000 (13 bytes)
1761591957.489228 sending message 112 to peer 0x150008000 (13 bytes)
1761591957.489231 sending message 112 to peer 0x150008000 (13 bytes)
1761591957.489234 sending message 112 to peer 0x150008000 (13 bytes)
1761591957.489237 sending message 112 to peer 0x150008000 (9 bytes)
1761591957.489240 sending message 112 to peer 0x150008000 (12 bytes)
1761591957.489243 sending message 112 to peer 0x150008000 (13 bytes)
1761591957.489246 sending message 112 to peer 0x150008000 (13 bytes)
1761591957.489249 sending message 112 to peer 0x150008000 (13 bytes)
1761591957.489252 sending message 112 to peer 0x150008000 (13 bytes)
1761591957.489255 sending message 112 to peer 0x150008000 (13 bytes)
1761591957.489262 sending message 112 to peer 0x150008000 (11 bytes)
1761591957.489265 sending message 112 to peer 0x150008000 (12 bytes)
1761591957.489269 sending message 112 to peer 0x150008000 (13 bytes)
1761591957.489272 sending message 112 to peer 0x150008000 (13 bytes)
1761591957.489275 sending message 112 to peer 0x150008000 (13 bytes)
1761591957.489279 sending message 112 to peer 0x150008000 (13 bytes)
1761591957.489282 sending message 112 to peer 0x150008000 (13 bytes)
1761591957.489285 sending message 112 to peer 0x150008000 (11 bytes)
1761591957.489288 sending message 112 to peer 0x150008000 (12 bytes)
1761591957.489291 sending message 112 to peer 0x150008000 (12 bytes)
1761591957.489295 sending message 112 to peer 0x150008000 (12 bytes)
1761591957.489298 sending message 112 to peer 0x150008000 (12 bytes)
1761591957.489301 sending message 112 to peer 0x150008000 (12 bytes)
1761591957.489304 sending message 112 to peer 0x150008000 (21 bytes)
1761591957.489308 sending message 112 to peer 0x150008000 (12 bytes)
1761591957.489311 sending message 112 to peer 0x150008000 (9 bytes)
1761591957.489314 sending message 112 to peer 0x150008000 (6 bytes)
1761591957.489317 sending message 112 to peer 0x150008000 (13 bytes)
1761591957.489320 sending message 112 to peer 0x150008000 (10 bytes)
1761591957.489324 sending message 112 to peer 0x150008000 (15 bytes)
1761591957.489327 sending message 112 to peer 0x150008000 (13 bytes)
1761591957.489330 sending message 112 to peer 0x150008000 (9 bytes)
1761591957.489334 sending message 112 to peer 0x150008000 (70 bytes)
1761591957.489337 sending message 112 to peer 0x150008000 (69 bytes)
1761591957.489340 sending message 112 to peer 0x150008000 (73 bytes)
1761591957.489343 sending message 112 to peer 0x150008000 (12 bytes)
1761591957.489346 sending message 112 to peer 0x150008000 (10 bytes)
1761591957.489350 sending message 112 to peer 0x150008000 (10 bytes)
1761591957.489353 sending message 112 to peer 0x150008000 (15 bytes)
1761591957.489356 sending message 112 to peer 0x150008000 (13 bytes)
1761591957.489359 sending message 112 to peer 0x150008000 (10 bytes)
1761591957.489362 sending message 112 to peer 0x150008000 (10 bytes)
1761591957.489365 sending message 112 to peer 0x150008000 (17 bytes)
1761591957.489368 sending message 112 to peer 0x150008000 (10 bytes)
1761591957.489371 sending message 112 to peer 0x150008000 (13 bytes)
1761591957.489374 sending message 112 to peer 0x150008000 (15 bytes)
1761591957.489378 sending message 112 to peer 0x150008000 (5 bytes)
1761591957.489382 sending message 104 to peer 0x150008000 (0 bytes)
1761591957.489386 sending message 110 to peer 0x150008000 (0 bytes)
1761591957.489390 sending message 107 to peer 0x150008000 (4 bytes)
1761591957.489394 sending message 105 to peer 0x150008000 (127 bytes)
1761591957.489399 sending message 105 to peer 0x150008000 (30 bytes)
1761591957.489402 sending message 105 to peer 0x150008000 (15 bytes)
1761591957.489405 sending message 105 to peer 0x150008000 (16 bytes)
1761591957.489408 sending message 105 to peer 0x150008000 (22 bytes)
1761591957.489412 sending message 105 to peer 0x150008000 (19 bytes)
1761591957.489415 sending message 105 to peer 0x150008000 (53 bytes)
1761591957.489418 sending message 105 to peer 0x150008000 (469 bytes)
1761591957.489421 sending message 105 to peer 0x150008000 (27 bytes)
1761591957.489424 sending message 105 to peer 0x150008000 (34 bytes)
1761591957.489427 sending message 105 to peer 0x150008000 (316 bytes)
1761591957.489431 sending message 105 to peer 0x150008000 (24 bytes)
1761591957.489434 sending message 105 to peer 0x150008000 (34 bytes)
1761591957.489437 sending message 105 to peer 0x150008000 (12 bytes)
1761591957.489440 sending message 105 to peer 0x150008000 (41 bytes)
1761591957.489443 sending message 105 to peer 0x150008000 (56 bytes)
1761591957.489446 sending message 105 to peer 0x150008000 (118 bytes)
1761591957.489449 sending message 105 to peer 0x150008000 (55 bytes)
1761591957.489452 sending message 105 to peer 0x150008000 (20 bytes)
1761591957.489463 sending message 105 to peer 0x150008000 (37 bytes)
1761591957.489466 sending message 105 to peer 0x150008000 (30 bytes)
1761591957.489469 sending message 105 to peer 0x150008000 (34 bytes)
1761591957.489472 sending message 105 to peer 0x150008000 (60 bytes)
1761591957.489475 sending message 105 to peer 0x150008000 (22 bytes)
1761591957.489479 sending message 105 to peer 0x150008000 (61 bytes)
1761591957.489482 sending message 105 to peer 0x150008000 (17 bytes)
1761591957.489485 sending message 105 to peer 0x150008000 (19 bytes)
1761591957.489488 sending message 105 to peer 0x150008000 (21 bytes)
1761591957.489491 sending message 105 to peer 0x150008000 (19 bytes)
1761591957.489495 sending message 105 to peer 0x150008000 (26 bytes)
1761591957.489498 sending message 105 to peer 0x150008000 (16 bytes)
1761591957.489501 sending message 105 to peer 0x150008000 (31 bytes)
1761591957.489504 sending message 105 to peer 0x150008000 (180 bytes)
1761591957.489507 sending message 105 to peer 0x150008000 (648 bytes)
1761591957.489510 sending message 105 to peer 0x150008000 (17 bytes)
1761591957.489513 sending message 105 to peer 0x150008000 (28 bytes)
1761591957.489517 sending message 105 to peer 0x150008000 (15 bytes)
1761591957.489520 sending message 105 to peer 0x150008000 (8 bytes)
1761591957.489523 sending message 105 to peer 0x150008000 (66 bytes)
1761591957.489526 sending message 105 to peer 0x150008000 (20 bytes)
1761591957.489531 sending message 105 to peer 0x150008000 (86 bytes)
1761591957.489536 sending message 105 to peer 0x150008000 (44 bytes)
1761591957.489539 sending message 105 to peer 0x150008000 (18 bytes)
1761591957.489543 sending message 105 to peer 0x150008000 (26 bytes)
1761591957.489546 sending message 105 to peer 0x150008000 (60 bytes)
1761591957.489549 sending message 105 to peer 0x150008000 (57 bytes)
1761591957.489552 sending message 105 to peer 0x150008000 (43 bytes)
1761591957.489555 sending message 105 to peer 0x150008000 (14 bytes)
1761591957.489558 sending message 105 to peer 0x150008000 (55 bytes)
1761591957.489561 sending message 105 to peer 0x150008000 (62 bytes)
1761591957.489565 sending message 105 to peer 0x150008000 (24 bytes)
1761591957.489568 sending message 105 to peer 0x150008000 (34 bytes)
1761591957.489571 sending message 105 to peer 0x150008000 (13 bytes)
1761591957.489574 sending message 105 to peer 0x150008000 (30 bytes)
1761591957.489577 sending message 105 to peer 0x150008000 (37 bytes)
1761591957.489580 sending message 105 to peer 0x150008000 (39 bytes)
1761591957.489583 sending message 105 to peer 0x150008000 (42 bytes)
1761591957.489587 sending message 105 to peer 0x150008000 (43 bytes)
1761591957.489590 sending message 105 to peer 0x150008000 (14 bytes)
1761591957.489593 sending message 105 to peer 0x150008000 (19 bytes)
1761591957.489596 sending message 105 to peer 0x150008000 (19 bytes)
1761591957.489599 sending message 105 to peer 0x150008000 (45 bytes)
1761591957.489602 sending message 105 to peer 0x150008000 (23 bytes)
1761591957.489605 sending message 105 to peer 0x150008000 (43 bytes)
1761591957.489608 sending message 105 to peer 0x150008000 (39 bytes)
1761591957.489612 sending message 105 to peer 0x150008000 (42 bytes)
1761591957.489615 sending message 105 to peer 0x150008000 (30 bytes)
1761591957.489618 sending message 105 to peer 0x150008000 (96 bytes)
1761591957.489621 sending message 105 to peer 0x150008000 (43 bytes)
1761591957.489624 sending message 105 to peer 0x150008000 (32 bytes)
1761591957.489627 sending message 105 to peer 0x150008000 (111 bytes)
1761591957.489630 sending message 105 to peer 0x150008000 (28 bytes)
1761591957.489634 sending message 105 to peer 0x150008000 (70 bytes)
1761591957.489637 sending message 105 to peer 0x150008000 (25 bytes)
1761591957.489647 sending message 106 to peer 0x150008000 (0 bytes)
1761591957.489740 sending message 200 to peer 0x150008000 (4 bytes)
1761591957.489760 client loop enter
1761591957.490176 peer 0x150008000 message 303
1761591957.490190 open write file 2 -
1761591957.490203 sending message 305 to peer 0x150008000 (8 bytes)
1761591957.490233 write check file 2
1761591957.490261 peer 0x150008000 message 304
1761591957.490265 write 58 to file 2
1761591957.490269 peer 0x150008000 message 203
1761591957.490273 file 2 58 bytes left
1761591957.490286 write check file 2
1761591957.490289 client loop exit
